<?xml version="1.0" encoding="UTF-8"?>
<testsuites>
  <testsuite name="NetworkComponentsTesting" tests="12" assertions="12" errors="0" failures="0" skipped="0" time="0.470651">
    <testsuite name="NetworkComponentsByDanielGPTest" file="D:\www\Data\GitRepositories\GitHub\danielgp\network-components\tests\php-unit\NetworkComponentsByDanielGPTest.php" tests="12" assertions="12" errors="0" failures="0" skipped="0" time="0.470651">
      <testcase name="testCheckIpIsInRangeIn" class="NetworkComponentsByDanielGPTest" classname="NetworkComponentsByDanielGPTest" file="D:\www\Data\GitRepositories\GitHub\danielgp\network-components\tests\php-unit\NetworkComponentsByDanielGPTest.php" line="33" assertions="1" time="0.037860"/>
      <testcase name="testCheckIpIsInRangeOut" class="NetworkComponentsByDanielGPTest" classname="NetworkComponentsByDanielGPTest" file="D:\www\Data\GitRepositories\GitHub\danielgp\network-components\tests\php-unit\NetworkComponentsByDanielGPTest.php" line="41" assertions="1" time="0.035062"/>
      <testcase name="testCheckIpIsPrivateEqualInvalid" class="NetworkComponentsByDanielGPTest" classname="NetworkComponentsByDanielGPTest" file="D:\www\Data\GitRepositories\GitHub\danielgp\network-components\tests\php-unit\NetworkComponentsByDanielGPTest.php" line="49" assertions="1" time="0.039272"/>
      <testcase name="testCheckIpIsPrivateEqualPrivate" class="NetworkComponentsByDanielGPTest" classname="NetworkComponentsByDanielGPTest" file="D:\www\Data\GitRepositories\GitHub\danielgp\network-components\tests\php-unit\NetworkComponentsByDanielGPTest.php" line="57" assertions="1" time="0.034403"/>
      <testcase name="testCheckIpIsPrivateEqualPublic" class="NetworkComponentsByDanielGPTest" classname="NetworkComponentsByDanielGPTest" file="D:\www\Data\GitRepositories\GitHub\danielgp\network-components\tests\php-unit\NetworkComponentsByDanielGPTest.php" line="65" assertions="1" time="0.035710"/>
      <testcase name="testCheckIpIsV4OrV6EqualInvalid" class="NetworkComponentsByDanielGPTest" classname="NetworkComponentsByDanielGPTest" file="D:\www\Data\GitRepositories\GitHub\danielgp\network-components\tests\php-unit\NetworkComponentsByDanielGPTest.php" line="73" assertions="1" time="0.045939"/>
      <testcase name="testCheckIpIsV4OrV6EqualV4" class="NetworkComponentsByDanielGPTest" classname="NetworkComponentsByDanielGPTest" file="D:\www\Data\GitRepositories\GitHub\danielgp\network-components\tests\php-unit\NetworkComponentsByDanielGPTest.php" line="81" assertions="1" time="0.035762"/>
      <testcase name="testCheckIpIsV4OrV6EqualV6" class="NetworkComponentsByDanielGPTest" classname="NetworkComponentsByDanielGPTest" file="D:\www\Data\GitRepositories\GitHub\danielgp\network-components\tests\php-unit\NetworkComponentsByDanielGPTest.php" line="89" assertions="1" time="0.048458"/>
      <testcase name="testConvertIpToNumber" class="NetworkComponentsByDanielGPTest" classname="NetworkComponentsByDanielGPTest" file="D:\www\Data\GitRepositories\GitHub\danielgp\network-components\tests\php-unit\NetworkComponentsByDanielGPTest.php" line="97" assertions="1" time="0.036025"/>
      <testcase name="testConvertIpToNumberInvlidIP" class="NetworkComponentsByDanielGPTest" classname="NetworkComponentsByDanielGPTest" file="D:\www\Data\GitRepositories\GitHub\danielgp\network-components\tests\php-unit\NetworkComponentsByDanielGPTest.php" line="105" assertions="1" time="0.035171"/>
      <testcase name="testConvertIpToNumberOfIpV6" class="NetworkComponentsByDanielGPTest" classname="NetworkComponentsByDanielGPTest" file="D:\www\Data\GitRepositories\GitHub\danielgp\network-components\tests\php-unit\NetworkComponentsByDanielGPTest.php" line="113" assertions="1" time="0.035837"/>
      <testcase name="testGetClientRealIpAddress" class="NetworkComponentsByDanielGPTest" classname="NetworkComponentsByDanielGPTest" file="D:\www\Data\GitRepositories\GitHub\danielgp\network-components\tests\php-unit\NetworkComponentsByDanielGPTest.php" line="121" assertions="1" time="0.051152"/>
    </testsuite>
  </testsuite>
</testsuites>
