<?xml version="1.0" encoding="UTF-8"?>
<testsuites>
  <testsuite name="NetworkComponentsTesting" tests="12" assertions="12" errors="0" failures="0" skipped="0" time="0.421152">
    <testsuite name="NetworkComponentsByDanielGPTest" file="D:\www\Data\GitRepositories\GitHub\danielgp\network-components\tests\php-unit\NetworkComponentsByDanielGPTest.php" tests="12" assertions="12" errors="0" failures="0" skipped="0" time="0.421152">
      <testcase name="testCheckIpIsInRangeIn" class="NetworkComponentsByDanielGPTest" classname="NetworkComponentsByDanielGPTest" file="D:\www\Data\GitRepositories\GitHub\danielgp\network-components\tests\php-unit\NetworkComponentsByDanielGPTest.php" line="33" assertions="1" time="0.037606"/>
      <testcase name="testCheckIpIsInRangeOut" class="NetworkComponentsByDanielGPTest" classname="NetworkComponentsByDanielGPTest" file="D:\www\Data\GitRepositories\GitHub\danielgp\network-components\tests\php-unit\NetworkComponentsByDanielGPTest.php" line="41" assertions="1" time="0.033521"/>
      <testcase name="testCheckIpIsPrivateEqualInvalid" class="NetworkComponentsByDanielGPTest" classname="NetworkComponentsByDanielGPTest" file="D:\www\Data\GitRepositories\GitHub\danielgp\network-components\tests\php-unit\NetworkComponentsByDanielGPTest.php" line="49" assertions="1" time="0.033193"/>
      <testcase name="testCheckIpIsPrivateEqualPrivate" class="NetworkComponentsByDanielGPTest" classname="NetworkComponentsByDanielGPTest" file="D:\www\Data\GitRepositories\GitHub\danielgp\network-components\tests\php-unit\NetworkComponentsByDanielGPTest.php" line="57" assertions="1" time="0.032574"/>
      <testcase name="testCheckIpIsPrivateEqualPublic" class="NetworkComponentsByDanielGPTest" classname="NetworkComponentsByDanielGPTest" file="D:\www\Data\GitRepositories\GitHub\danielgp\network-components\tests\php-unit\NetworkComponentsByDanielGPTest.php" line="65" assertions="1" time="0.032386"/>
      <testcase name="testCheckIpIsV4OrV6EqualInvalid" class="NetworkComponentsByDanielGPTest" classname="NetworkComponentsByDanielGPTest" file="D:\www\Data\GitRepositories\GitHub\danielgp\network-components\tests\php-unit\NetworkComponentsByDanielGPTest.php" line="73" assertions="1" time="0.032662"/>
      <testcase name="testCheckIpIsV4OrV6EqualV4" class="NetworkComponentsByDanielGPTest" classname="NetworkComponentsByDanielGPTest" file="D:\www\Data\GitRepositories\GitHub\danielgp\network-components\tests\php-unit\NetworkComponentsByDanielGPTest.php" line="81" assertions="1" time="0.036085"/>
      <testcase name="testCheckIpIsV4OrV6EqualV6" class="NetworkComponentsByDanielGPTest" classname="NetworkComponentsByDanielGPTest" file="D:\www\Data\GitRepositories\GitHub\danielgp\network-components\tests\php-unit\NetworkComponentsByDanielGPTest.php" line="89" assertions="1" time="0.032662"/>
      <testcase name="testConvertIpToNumber" class="NetworkComponentsByDanielGPTest" classname="NetworkComponentsByDanielGPTest" file="D:\www\Data\GitRepositories\GitHub\danielgp\network-components\tests\php-unit\NetworkComponentsByDanielGPTest.php" line="97" assertions="1" time="0.035983"/>
      <testcase name="testConvertIpToNumberInvlidIP" class="NetworkComponentsByDanielGPTest" classname="NetworkComponentsByDanielGPTest" file="D:\www\Data\GitRepositories\GitHub\danielgp\network-components\tests\php-unit\NetworkComponentsByDanielGPTest.php" line="105" assertions="1" time="0.032365"/>
      <testcase name="testConvertIpToNumberOfIpV6" class="NetworkComponentsByDanielGPTest" classname="NetworkComponentsByDanielGPTest" file="D:\www\Data\GitRepositories\GitHub\danielgp\network-components\tests\php-unit\NetworkComponentsByDanielGPTest.php" line="113" assertions="1" time="0.033648"/>
      <testcase name="testGetClientRealIpAddress" class="NetworkComponentsByDanielGPTest" classname="NetworkComponentsByDanielGPTest" file="D:\www\Data\GitRepositories\GitHub\danielgp\network-components\tests\php-unit\NetworkComponentsByDanielGPTest.php" line="121" assertions="1" time="0.048467"/>
    </testsuite>
  </testsuite>
</testsuites>
